This is pdfTeX, Version 3.14159265-2.6-1.40.16 (TeX Live 2015/Debian) (preloaded format=pdflatex 2019.1.31)  10 JUN 2020 15:38
entering extended mode
 restricted \write18 enabled.
 file:line:error style messages enabled.
 %&-line parsing enabled.
**\nonstopmode\input{root.tex}
(./root.tex (/usr/share/texlive/texmf-dist/tex/latex/base/book.cls
Document Class: book 2014/09/29 v1.4h Standard LaTeX document class
(/usr/share/texlive/texmf-dist/tex/latex/base/bk12.clo
File: bk12.clo 2014/09/29 v1.4h Standard LaTeX file (size option)
)
\c@part=\count79
\c@chapter=\count80
\c@section=\count81
\c@subsection=\count82
\c@subsubsection=\count83
\c@paragraph=\count84
\c@subparagraph=\count85
\c@figure=\count86
\c@table=\count87
\abovecaptionskip=\skip41
\belowcaptionskip=\skip42
\bibindent=\dimen102
) (./isabelle.sty
\isa@parindent=\dimen103
\isa@parskip=\dimen104

(/usr/share/texlive/texmf-dist/tex/generic/ulem/ulem.sty
\UL@box=\box26
\UL@hyphenbox=\box27
\UL@skip=\skip43
\UL@hook=\toks14
\UL@height=\dimen105
\UL@pe=\count88
\UL@pixel=\dimen106
\ULC@box=\box28
Package: ulem 2012/05/18
\ULdepth=\dimen107
) (./comment.sty
\CommentStream=\write3

Excluding comment 'comment') Including comment 'isadelimdocument'
Including comment 'isatagdocument' Including comment 'isadelimtheory'
Including comment 'isatagtheory' Including comment 'isadelimproof'
Including comment 'isatagproof' Including comment 'isadelimML'
Including comment 'isatagML' Including comment 'isadelimvisible'
Including comment 'isatagvisible' Excluding comment 'isadeliminvisible'
Excluding comment 'isataginvisible' Including comment 'isadelimimportant'
Including comment 'isatagimportant' Including comment 'isadelimunimportant'
Including comment 'isatagunimportant') (./isabelletags.sty) (./isabellesym.sty)
(/usr/share/texlive/texmf-dist/tex/latex/base/fontenc.sty
Package: fontenc 2005/09/27 v1.99g Standard LaTeX package

(/usr/share/texlive/texmf-dist/tex/latex/base/t1enc.def
File: t1enc.def 2005/09/27 v1.99g Standard LaTeX file
LaTeX Font Info:    Redeclaring font encoding T1 on input line 48.
))
(/usr/share/texlive/texmf-dist/tex/latex/base/inputenc.sty
Package: inputenc 2015/03/17 v1.2c Input encoding file
\inpenc@prehook=\toks15
\inpenc@posthook=\toks16

(/usr/share/texlive/texmf-dist/tex/latex/ucs/utf8x.def
File: utf8x.def 2004/10/17 UCS: Input encoding UTF-8
))
(/usr/share/texlive/texmf-dist/tex/latex/ucs/ucs.sty
Package: ucs 2013/05/11 v2.2 UCS: Unicode input support

(/usr/share/texlive/texmf-dist/tex/latex/ucs/data/uni-global.def
File: uni-global.def 2013/05/13 UCS: Unicode global data
)
\uc@secondtry=\count89
\uc@combtoks=\toks17
\uc@combtoksb=\toks18
\uc@temptokena=\toks19
)
(/usr/share/texlive/texmf-dist/tex/latex/amscls/amsthm.sty
Package: amsthm 2015/03/04 v2.20.2
\thm@style=\toks20
\thm@bodyfont=\toks21
\thm@headfont=\toks22
\thm@notefont=\toks23
\thm@headpunct=\toks24
\thm@preskip=\skip44
\thm@postskip=\skip45
\thm@headsep=\skip46
\dth@everypar=\toks25
)
\c@exmp=\count90

(/usr/share/texlive/texmf-dist/tex/latex/amsfonts/amssymb.sty
Package: amssymb 2013/01/14 v3.01 AMS font symbols

(/usr/share/texlive/texmf-dist/tex/latex/amsfonts/amsfonts.sty
Package: amsfonts 2013/01/14 v3.01 Basic AMSFonts support
\@emptytoks=\toks26
\symAMSa=\mathgroup4
\symAMSb=\mathgroup5
LaTeX Font Info:    Overwriting math alphabet `\mathfrak' in version `bold'
(Font)                  U/euf/m/n --> U/euf/b/n on input line 106.
))
(./pdfsetup.sty (/usr/share/texlive/texmf-dist/tex/latex/graphics/color.sty
Package: color 2016/01/03 v1.1b Standard LaTeX Color (DPC)

(/usr/share/texlive/texmf-dist/tex/latex/latexconfig/color.cfg
File: color.cfg 2007/01/18 v1.5 color configuration of teTeX/TeXLive
)
Package color Info: Driver file: pdftex.def on input line 143.

(/usr/share/texlive/texmf-dist/tex/latex/pdftex-def/pdftex.def
File: pdftex.def 2011/05/27 v0.06d Graphics/color for pdfTeX

(/usr/share/texlive/texmf-dist/tex/generic/oberdiek/infwarerr.sty
Package: infwarerr 2010/04/08 v1.3 Providing info/warning/error messages (HO)
)
(/usr/share/texlive/texmf-dist/tex/generic/oberdiek/ltxcmds.sty
Package: ltxcmds 2011/11/09 v1.22 LaTeX kernel commands for general use (HO)
)
\Gread@gobject=\count91
)))
(/usr/share/texlive/texmf-dist/tex/latex/hyperref/hyperref.sty
Package: hyperref 2012/11/06 v6.83m Hypertext links for LaTeX

(/usr/share/texlive/texmf-dist/tex/generic/oberdiek/hobsub-hyperref.sty
Package: hobsub-hyperref 2012/05/28 v1.13 Bundle oberdiek, subset hyperref (HO)


(/usr/share/texlive/texmf-dist/tex/generic/oberdiek/hobsub-generic.sty
Package: hobsub-generic 2012/05/28 v1.13 Bundle oberdiek, subset generic (HO)
Package: hobsub 2012/05/28 v1.13 Construct package bundles (HO)
Package hobsub Info: Skipping package `infwarerr' (already loaded).
Package hobsub Info: Skipping package `ltxcmds' (already loaded).
Package: ifluatex 2010/03/01 v1.3 Provides the ifluatex switch (HO)
Package ifluatex Info: LuaTeX not detected.
Package: ifvtex 2010/03/01 v1.5 Detect VTeX and its facilities (HO)
Package ifvtex Info: VTeX not detected.
Package: intcalc 2007/09/27 v1.1 Expandable calculations with integers (HO)
Package: ifpdf 2011/01/30 v2.3 Provides the ifpdf switch (HO)
Package ifpdf Info: pdfTeX in PDF mode is detected.
Package: etexcmds 2011/02/16 v1.5 Avoid name clashes with e-TeX commands (HO)
Package etexcmds Info: Could not find \expanded.
(etexcmds)             That can mean that you are not using pdfTeX 1.50 or
(etexcmds)             that some package has redefined \expanded.
(etexcmds)             In the latter case, load this package earlier.
Package: kvsetkeys 2012/04/25 v1.16 Key value parser (HO)
Package: kvdefinekeys 2011/04/07 v1.3 Define keys (HO)
Package: pdftexcmds 2011/11/29 v0.20 Utility functions of pdfTeX for LuaTeX (HO
)
Package pdftexcmds Info: LuaTeX not detected.
Package pdftexcmds Info: \pdf@primitive is available.
Package pdftexcmds Info: \pdf@ifprimitive is available.
Package pdftexcmds Info: \pdfdraftmode found.
Package: pdfescape 2011/11/25 v1.13 Implements pdfTeX's escape features (HO)
Package: bigintcalc 2012/04/08 v1.3 Expandable calculations on big integers (HO
)
Package: bitset 2011/01/30 v1.1 Handle bit-vector datatype (HO)
Package: uniquecounter 2011/01/30 v1.2 Provide unlimited unique counter (HO)
)
Package hobsub Info: Skipping package `hobsub' (already loaded).
Package: letltxmacro 2010/09/02 v1.4 Let assignment for LaTeX macros (HO)
Package: hopatch 2012/05/28 v1.2 Wrapper for package hooks (HO)
Package: xcolor-patch 2011/01/30 xcolor patch
Package: atveryend 2011/06/30 v1.8 Hooks at the very end of document (HO)
Package atveryend Info: \enddocument detected (standard20110627).
Package: atbegshi 2011/10/05 v1.16 At begin shipout hook (HO)
Package: refcount 2011/10/16 v3.4 Data extraction from label references (HO)
Package: hycolor 2011/01/30 v1.7 Color options for hyperref/bookmark (HO)
)
(/usr/share/texlive/texmf-dist/tex/latex/graphics/keyval.sty
Package: keyval 2014/10/28 v1.15 key=value parser (DPC)
\KV@toks@=\toks27
)
(/usr/share/texlive/texmf-dist/tex/generic/ifxetex/ifxetex.sty
Package: ifxetex 2010/09/12 v0.6 Provides ifxetex conditional
)
(/usr/share/texlive/texmf-dist/tex/latex/oberdiek/auxhook.sty
Package: auxhook 2011/03/04 v1.3 Hooks for auxiliary files (HO)
)
(/usr/share/texlive/texmf-dist/tex/latex/oberdiek/kvoptions.sty
Package: kvoptions 2011/06/30 v3.11 Key value format for package options (HO)
)
\@linkdim=\dimen108
\Hy@linkcounter=\count92
\Hy@pagecounter=\count93

(/usr/share/texlive/texmf-dist/tex/latex/hyperref/pd1enc.def
File: pd1enc.def 2012/11/06 v6.83m Hyperref: PDFDocEncoding definition (HO)
)
\Hy@SavedSpaceFactor=\count94

(/usr/share/texlive/texmf-dist/tex/latex/latexconfig/hyperref.cfg
File: hyperref.cfg 2002/06/06 v1.2 hyperref configuration of TeXLive
)
Package hyperref Info: Option `colorlinks' set `true' on input line 4319.
Package hyperref Info: Option `pdfpagelabels' set `true' on input line 4319.
Package hyperref Info: Hyper figures OFF on input line 4443.
Package hyperref Info: Link nesting OFF on input line 4448.
Package hyperref Info: Hyper index ON on input line 4451.
Package hyperref Info: Plain pages OFF on input line 4458.
Package hyperref Info: Backreferencing OFF on input line 4463.
Package hyperref Info: Implicit mode ON; LaTeX internals redefined.
Package hyperref Info: Bookmarks ON on input line 4688.
\c@Hy@tempcnt=\count95

(/usr/share/texlive/texmf-dist/tex/latex/url/url.sty
\Urlmuskip=\muskip10
Package: url 2013/09/16  ver 3.4  Verb mode for urls, etc.
)
LaTeX Info: Redefining \url on input line 5041.
\XeTeXLinkMargin=\dimen109
\Fld@menulength=\count96
\Field@Width=\dimen110
\Fld@charsize=\dimen111
Package hyperref Info: Hyper figures OFF on input line 6295.
Package hyperref Info: Link nesting OFF on input line 6300.
Package hyperref Info: Hyper index ON on input line 6303.
Package hyperref Info: backreferencing OFF on input line 6310.
Package hyperref Info: Link coloring ON on input line 6313.
Package hyperref Info: Link coloring with OCG OFF on input line 6320.
Package hyperref Info: PDF/A mode OFF on input line 6325.
LaTeX Info: Redefining \ref on input line 6365.
LaTeX Info: Redefining \pageref on input line 6369.
\Hy@abspage=\count97
\c@Item=\count98
\c@Hfootnote=\count99
)

Package hyperref Message: Driver (autodetected): hpdftex.

(/usr/share/texlive/texmf-dist/tex/latex/hyperref/hpdftex.def
File: hpdftex.def 2012/11/06 v6.83m Hyperref driver for pdfTeX
\Fld@listcount=\count100
\c@bookmark@seq@number=\count101

(/usr/share/texlive/texmf-dist/tex/latex/oberdiek/rerunfilecheck.sty
Package: rerunfilecheck 2011/04/15 v1.7 Rerun checks for auxiliary files (HO)
Package uniquecounter Info: New unique counter `rerunfilecheck' on input line 2
82.
)
\Hy@SectionHShift=\skip47
)

LaTeX Warning: Unused global option(s):
    [aa4paper].

(./root.aux)
\openout1 = `root.aux'.

LaTeX Font Info:    Checking defaults for OML/cmm/m/it on input line 49.
LaTeX Font Info:    ... okay on input line 49.
LaTeX Font Info:    Checking defaults for T1/cmr/m/n on input line 49.
LaTeX Font Info:    ... okay on input line 49.
LaTeX Font Info:    Checking defaults for OT1/cmr/m/n on input line 49.
LaTeX Font Info:    ... okay on input line 49.
LaTeX Font Info:    Checking defaults for OMS/cmsy/m/n on input line 49.
LaTeX Font Info:    ... okay on input line 49.
LaTeX Font Info:    Checking defaults for OMX/cmex/m/n on input line 49.
LaTeX Font Info:    ... okay on input line 49.
LaTeX Font Info:    Checking defaults for U/cmr/m/n on input line 49.
LaTeX Font Info:    ... okay on input line 49.
LaTeX Font Info:    Checking defaults for PD1/pdf/m/n on input line 49.
LaTeX Font Info:    ... okay on input line 49.
 (/usr/share/texlive/texmf-dist/tex/latex/ucs/ucsencs.def
File: ucsencs.def 2011/01/21 Fixes to fontencodings LGR, T3
)
(/usr/share/texlive/texmf-dist/tex/context/base/supp-pdf.mkii
[Loading MPS to PDF converter (version 2006.09.02).]
\scratchcounter=\count102
\scratchdimen=\dimen112
\scratchbox=\box29
\nofMPsegments=\count103
\nofMParguments=\count104
\everyMPshowfont=\toks28
\MPscratchCnt=\count105
\MPscratchDim=\dimen113
\MPnumerator=\count106
\makeMPintoPDFobject=\count107
\everyMPtoPDFconversion=\toks29
)
\AtBeginShipoutBox=\box30
Package hyperref Info: Link coloring ON on input line 49.
 (/usr/share/texlive/texmf-dist/tex/latex/hyperref/nameref.sty
Package: nameref 2012/10/27 v2.43 Cross-referencing by name of section

(/usr/share/texlive/texmf-dist/tex/generic/oberdiek/gettitlestring.sty
Package: gettitlestring 2010/12/03 v1.4 Cleanup title references (HO)
)
\c@section@level=\count108
)
LaTeX Info: Redefining \ref on input line 49.
LaTeX Info: Redefining \pageref on input line 49.
LaTeX Info: Redefining \nameref on input line 49.

(./root.out) (./root.out)
\@outlinefile=\write4
\openout4 = `root.out'.

LaTeX Font Info:    Try loading font information for U+msa on input line 54.

(/usr/share/texlive/texmf-dist/tex/latex/amsfonts/umsa.fd
File: umsa.fd 2013/01/14 v3.01 AMS symbols A
)
LaTeX Font Info:    Try loading font information for U+msb on input line 54.

(/usr/share/texlive/texmf-dist/tex/latex/amsfonts/umsb.fd
File: umsb.fd 2013/01/14 v3.01 AMS symbols B
)
(/usr/share/texlive/texmf-dist/tex/latex/ucs/data/uni-1.def
File: uni-1.def 2013/05/13 UCS: Unicode data U+0100..U+01FF
) [1


{/var/lib/texmf/fonts/map/pdftex/updmap/pdftex.map}] [2

] (./root.toc)
\tf@toc=\write5
\openout5 = `root.toc'.

 (./session.tex
(./IMO_2018_SL_statements.tex [3] [4

]
Chapter 1.
) (./IMO_2018_SL_A3.tex [5]) (./IMO_2018_SL_A5.tex) (./IMO_2018_SL_A7.tex)
(./IMO_2006_SL_solutions.tex [6]
Chapter 2.
) (./IMO_2006_SL_A2.tex [7

]
Underfull \vbox (badness 10000) has occurred while \output is active []

 [8]
Underfull \vbox (badness 10000) has occurred while \output is active []

 [9])
(./IMO_2018_SL_solutions.tex [10]
Chapter 3.
) (./IMO_2018_SL_A2.tex [11

]
Underfull \vbox (badness 10000) has occurred while \output is active []

 [12]
Underfull \vbox (badness 10000) has occurred while \output is active []

 [13]
Underfull \vbox (badness 10000) has occurred while \output is active []

 [14]
Underfull \vbox (badness 10000) has occurred while \output is active []

 [15]
Underfull \vbox (badness 10000) has occurred while \output is active []

 [16]
Underfull \vbox (badness 10000) has occurred while \output is active []

 [17]
Underfull \vbox (badness 10000) has occurred while \output is active []

 [18]
Overfull \hbox (22.82704pt too wide) in paragraph at lines 634--636
[][]        \T1/cmr/bx/n/10.95 by $\OT1/cmr/m/n/10.95 ($\T1/cmr/m/it/10.95 smt 
Groups$\OML/cmm/m/it/10.95 :$\T1/cmr/m/it/10.95 mult[]ac$\OT1/cmr/m/n/10.95 ($\
T1/cmr/m/it/10.95 2$\OT1/cmr/m/n/10.95 )$ \T1/cmr/m/it/10.95 Suc[]eq[]plus1 add
[]2[]eq[]Suc$ [] $ alt eq mult[]less[]cancel[]left1$\OT1/cmr/m/n/10.95 )$[] 
 []


Underfull \vbox (badness 10000) has occurred while \output is active []

 [19]
Underfull \vbox (badness 10000) has occurred while \output is active []

 [20]
Overfull \hbox (26.41887pt too wide) in paragraph at lines 790--792
[][]          \T1/cmr/bx/n/10.95 by $\OT1/cmr/m/n/10.95 ($\T1/cmr/m/it/10.95 me
tis add[]diff[]cancel[]left$ [] $ add[]diff[]cancel[]right$ [] $ add[]eq[]if as
sms dvd[]minus[]mod
 []

) (./IMO_2018_SL_A4.tex [21]
Underfull \vbox (badness 10000) has occurred while \output is active []

 [22]
Overfull \hbox (5.53815pt too wide) in paragraph at lines 197--199
[][]              \T1/cmr/bx/n/10.95 by $\OT1/cmr/m/n/10.95 ($\T1/cmr/m/it/10.9
5 metis one[]le[]numeral one[]plus[]numeral plus[]1[]eq[]Suc semiring[]norm$\OT
1/cmr/m/n/10.95 ($\T1/cmr/m/it/10.95 4$\OT1/cmr/m/n/10.95 )$
 []


Underfull \vbox (badness 10000) has occurred while \output is active []

 [23]
Underfull \vbox (badness 10000) has occurred while \output is active []

 [24]
Underfull \vbox (badness 10000) has occurred while \output is active []

 [25]
Overfull \hbox (33.22758pt too wide) in paragraph at lines 434--436
[][]        \T1/cmr/bx/n/10.95 by $\OT1/cmr/m/n/10.95 ($\T1/cmr/m/it/10.95 meti
s Nat$\OML/cmm/m/it/10.95 :$\T1/cmr/m/it/10.95 diff[]diff[]eq diff[]le[]self le
[]add[]diff[]inverse plus[]1[]eq[]Suc upt[]Suc[]append$\OT1/cmr/m/n/10.95 )$[] 

 []


Overfull \hbox (33.22758pt too wide) in paragraph at lines 446--448
[][]        \T1/cmr/bx/n/10.95 by $\OT1/cmr/m/n/10.95 ($\T1/cmr/m/it/10.95 meti
s Nat$\OML/cmm/m/it/10.95 :$\T1/cmr/m/it/10.95 diff[]diff[]eq diff[]le[]self le
[]add[]diff[]inverse plus[]1[]eq[]Suc upt[]Suc[]append$\OT1/cmr/m/n/10.95 )$[] 

 []


Underfull \vbox (badness 10000) has occurred while \output is active []

 [26]
Underfull \vbox (badness 10000) has occurred while \output is active []

 [27]
Underfull \vbox (badness 10000) has occurred while \output is active []

 [28]
Underfull \vbox (badness 10000) has occurred while \output is active []

 [29]
Underfull \vbox (badness 10000) has occurred while \output is active []

 [30]
Underfull \vbox (badness 10000) has occurred while \output is active []

 [31]
Overfull \hbox (11.66862pt too wide) in paragraph at lines 909--911
[][]        \T1/cmr/bx/n/10.95 by $\OT1/cmr/m/n/10.95 ($\T1/cmr/m/it/10.95 meti
s Suc[]leI add[]le[]cancel[]left le[]eq[]less[]or[]eq one[]add[]one one[]plus[]
numeral
 []


Overfull \hbox (23.88954pt too wide) in paragraph at lines 916--918
[][]        \T1/cmr/bx/n/10.95 by $\OT1/cmr/m/n/10.95 ($\T1/cmr/m/it/10.95 smt 
Suc[]leI le[]eq[]less[]or[]eq of[]nat[]1 of[]nat[]diff one[]add[]one one[]less[
]numeral[]iff
 []


Underfull \vbox (badness 10000) has occurred while \output is active []

 [32]
Underfull \vbox (badness 10000) has occurred while \output is active []

 [33]
Overfull \hbox (47.86142pt too wide) in paragraph at lines 1022--1024
[][]        \T1/cmr/bx/n/10.95 by $\OT1/cmr/m/n/10.95 ($\T1/cmr/m/it/10.95 meti
s div[]by[]1 less[]le of[]nat[]1 of[]nat[]le[]iff one[]eq[]divide[]iff order[]c
lass$\OML/cmm/m/it/10.95 :$\T1/cmr/m/it/10.95 order$\OML/cmm/m/it/10.95 :$\T1/c
mr/m/it/10.95 antisym
 []


Underfull \vbox (badness 10000) has occurred while \output is active []

 [34]
Underfull \vbox (badness 10000) has occurred while \output is active []

 [35]
Underfull \vbox (badness 10000) has occurred while \output is active []

 [36]
Underfull \vbox (badness 10000) has occurred while \output is active []

 [37]
Underfull \vbox (badness 10000) has occurred while \output is active []

 [38])
(./IMO_2018_SL_C1.tex [39]
Underfull \vbox (badness 10000) has occurred while \output is active []

 [40]
Underfull \vbox (badness 10000) has occurred while \output is active []

 [41]
Overfull \hbox (3.45743pt too wide) in paragraph at lines 261--263
[][]        \T1/cmr/bx/n/10.95 by $\OT1/cmr/m/n/10.95 ($\T1/cmr/m/it/10.95 meti
s One[]nat[]def add[]leD2 le[]add[]diff[]inverse numeral[]3[]eq[]3 one[]add[]on
e
 []


Overfull \hbox (59.22536pt too wide) in paragraph at lines 285--287
[][]      \T1/cmr/bx/n/10.95 by $\OT1/cmr/m/n/10.95 ($\T1/cmr/m/it/10.95 meson 
dvd[]diffD1 less[]imp[]le[]nat nat[]dvd[]1[]iff[]1 numeral[]eq[]one[]iff semiri
ng[]norm$\OT1/cmr/m/n/10.95 ($\T1/cmr/m/it/10.95 86$\OT1/cmr/m/n/10.95 )$$)$[] 

 []


Underfull \vbox (badness 10000) has occurred while \output is active []

 [42]
Underfull \vbox (badness 10000) has occurred while \output is active []

 [43]
Underfull \vbox (badness 10000) has occurred while \output is active []

 [44]
Underfull \vbox (badness 10000) has occurred while \output is active []

 [45]
Underfull \vbox (badness 10000) has occurred while \output is active []

 [46]
Underfull \vbox (badness 10000) has occurred while \output is active []

 [47]
Underfull \vbox (badness 10000) has occurred while \output is active []

 [48]
Underfull \vbox (badness 10000) has occurred while \output is active []

 [49]
Overfull \hbox (32.86354pt too wide) in paragraph at lines 834--836
\T1/cmr/m/it/10.95 even[]power le[]add1 le[]add[]same[]cancel2 le[]antisym le[]
trans lin-ear mult[]Suc numeral[]3[]eq[]3
 []


Underfull \vbox (badness 10000) has occurred while \output is active []

 [50])
(./IMO_2018_SL_C2.tex [51] [52] [53] [54]
Underfull \vbox (badness 10000) has occurred while \output is active []

 [55]
Overfull \hbox (10.26791pt too wide) in paragraph at lines 458--460
\T1/cmr/m/it/10.95 card[]empty card[]insert[]if finite[]Un finite[]insert inser
t[]absorb insert[]not[]empty le[]add1
 []

[56] [57] [58]
Underfull \vbox (badness 10000) has occurred while \output is active []

 [59]
Underfull \vbox (badness 10000) has occurred while \output is active []

 [60]
Underfull \vbox (badness 10000) has occurred while \output is active []

 [61]
Overfull \hbox (40.30067pt too wide) in paragraph at lines 1106--1107
[][]  \T1/cmr/m/it/10.95 guaranteed[]game[]lengths $\OT1/cmr/m/n/10.95 =$ $\OMS
/cmsy/m/n/10.95 f$\T1/cmr/m/it/10.95 K$\OML/cmm/m/it/10.95 :$ $\OMS/cmsy/m/n/10
.95 9 $ \T1/cmr/m/it/10.95 horst[]strategy$\OML/cmm/m/it/10.95 :$ $\OMS/cmsy/m/
n/10.95 8 $ \T1/cmr/m/it/10.95 queenie[]strategy$\OML/cmm/m/it/10.95 :$ \T1/cmr
/m/it/10.95 valid[]queenie[]strategy
 []

[62]
Overfull \hbox (27.60013pt too wide) in paragraph at lines 1123--1125
[][]  \T1/cmr/bx/n/10.95 let \T1/cmr/m/it/10.95 ?horst[]strategy $\OT1/cmr/m/n/
10.95 =$ $\OML/cmm/m/it/10.95 ^^U$ \T1/cmr/m/it/10.95 board board$ [] $ $\OT1/c
mr/m/n/10.95 :$$:$ \T1/cmr/m/it/10.95 board$\OML/cmm/m/it/10.95 :$ $\OT1/cmr/m/
n/10.95 ($$\OMS/cmsy/m/n/10.95 9 $ \T1/cmr/m/it/10.95 square$\OML/cmm/m/it/10.9
5 :$ \T1/cmr/m/it/10.95 black square $\OMS/cmsy/m/n/10.95 ^$ \T1/cmr/m/it/10.95
 valid[]horst[]move$ [] $
 []


Overfull \hbox (9.12857pt too wide) in paragraph at lines 1146--1148
[][]      \T1/cmr/bx/n/10.95 proof $\OT1/cmr/m/n/10.95 ($\T1/cmr/m/it/10.95 ind
uction ?horst[]strategy queenie[]strategy k board rule$\OT1/cmr/m/n/10.95 :$ \T
1/cmr/m/it/10.95 valid[]game$\OML/cmm/m/it/10.95 :$\T1/cmr/m/it/10.95 induct$\O
T1/cmr/m/n/10.95 )$[] 
 []


Overfull \hbox (18.56462pt too wide) in paragraph at lines 1169--1171
[][]    \T1/cmr/bx/n/10.95 have $\OMS/cmsy/m/n/10.95 8 $ \T1/cmr/m/it/10.95 k $
\OMS/cmsy/m/n/10.95 ^^T$ $\OT1/cmr/m/n/10.95 ($\T1/cmr/m/it/10.95 files $\OMS/c
msy/m/n/10.95 ^^C$ \T1/cmr/m/it/10.95 ranks$\OT1/cmr/m/n/10.95 )$ \T1/cmr/m/it/
10.95 div 4$\OML/cmm/m/it/10.95 :$ $\OMS/cmsy/m/n/10.95 9 $ \T1/cmr/m/it/10.95 
board$\OML/cmm/m/it/10.95 :$ \T1/cmr/m/it/10.95 valid[]game ?horst[]strategy qu
eenie[]strategy
 []


Underfull \vbox (badness 10000) has occurred while \output is active []

 [63]
Overfull \hbox (14.68402pt too wide) in paragraph at lines 1202--1204
[][]        \T1/cmr/bx/n/10.95 proof $\OT1/cmr/m/n/10.95 ($\T1/cmr/m/it/10.95 i
nduction ?horst[]strategy queenie[]strategy k board rule$\OT1/cmr/m/n/10.95 :$ 
\T1/cmr/m/it/10.95 valid[]game$\OML/cmm/m/it/10.95 :$\T1/cmr/m/it/10.95 induct$
\OT1/cmr/m/n/10.95 )$[] 
 []


Underfull \vbox (badness 10000) has occurred while \output is active []

 [64]
Underfull \vbox (badness 10000) has occurred while \output is active []

 [65]
Overfull \hbox (4.3559pt too wide) in paragraph at lines 1373--1376
[][]        \T1/cmr/bx/n/10.95 then ob-tain \T1/cmr/m/it/10.95 board2 \T1/cmr/b
x/n/10.95 where \T1/cmr/m/it/10.95 valid[]queenie[]move ?board1 board2 queenie[
]strategy
 []


Underfull \vbox (badness 10000) has occurred while \output is active []

 [66]
Underfull \vbox (badness 10000) has occurred while \output is active []

 [67]
Overfull \hbox (13.55154pt too wide) in paragraph at lines 1556--1558
[][]    \T1/cmr/bx/n/10.95 by $\OT1/cmr/m/n/10.95 ($\T1/cmr/m/it/10.95 smt atta
cks[]knight$\OML/cmm/m/it/10.95 :$\T1/cmr/m/it/10.95 elims$\OT1/cmr/m/n/10.95 (
$\T1/cmr/m/it/10.95 2$\OT1/cmr/m/n/10.95 )$ \T1/cmr/m/it/10.95 attacks[]knight$
\OML/cmm/m/it/10.95 :$\T1/cmr/m/it/10.95 elims$\OT1/cmr/m/n/10.95 ($\T1/cmr/m/i
t/10.95 3$\OT1/cmr/m/n/10.95 )$ \T1/cmr/m/it/10.95 fun[]upd[]apply op-tion$\OML
/cmm/m/it/10.95 :$\T1/cmr/m/it/10.95 inject
 []


Underfull \vbox (badness 10000) has occurred while \output is active []

 [68]
Underfull \vbox (badness 10000) has occurred while \output is active []

 [69]
Overfull \hbox (7.42276pt too wide) in paragraph at lines 1693--1695
[][]                \T1/cmr/bx/n/10.95 by $\OT1/cmr/m/n/10.95 ($\T1/cmr/m/it/10
.95 smt False map[]upd[]Some[]unfold piece$\OML/cmm/m/it/10.95 :$\T1/cmr/m/it/1
0.95 distinct$\OT1/cmr/m/n/10.95 ($\T1/cmr/m/it/10.95 1$\OT1/cmr/m/n/10.95 )$ \
T1/cmr/m/it/10.95 valid[]horst[]move$ [] $[]def
 []


Underfull \vbox (badness 10000) has occurred while \output is active []

 [70]
Overfull \hbox (10.68188pt too wide) in paragraph at lines 1745--1747
[][]              \T1/cmr/bx/n/10.95 un-fold-ing \T1/cmr/m/it/10.95 valid[]hors
t[]move[]def valid[]horst[]move$ [] $[]def valid[]queenie[]move[]def[] 
 []


Overfull \hbox (10.68188pt too wide) in paragraph at lines 1765--1767
[][]              \T1/cmr/bx/n/10.95 un-fold-ing \T1/cmr/m/it/10.95 valid[]hors
t[]move[]def valid[]horst[]move$ [] $[]def valid[]queenie[]move[]def[] 
 []


Underfull \vbox (badness 10000) has occurred while \output is active []

 [71]
Underfull \vbox (badness 10000) has occurred while \output is active []

 [72]
Underfull \vbox (badness 10000) has occurred while \output is active []

 [73]
Overfull \hbox (12.07422pt too wide) in paragraph at lines 1947--1949
[][]          \T1/cmr/bx/n/10.95 us-ing \T1/cmr/m/it/10.95 valid[]game[]not[]at
tacks[]knight$\OT1/cmr/m/n/10.95 [$\T1/cmr/m/it/10.95 rule[]format$\OML/cmm/m/i
t/10.95 ;$ \T1/cmr/m/it/10.95 OF []valid[]game horst[]strategy
 []


Underfull \vbox (badness 10000) has occurred while \output is active []

 [74])
(./IMO_2018_SL_C3.tex
Underfull \vbox (badness 10000) has occurred while \output is active []

 [75]
Overfull \hbox (54.06181pt too wide) in paragraph at lines 104--111
\T1/cmr/m/it/10.95 minus[]mult[]minus mult[]minus[]right of[]int[]0[]less[]iff 
of[]int[]minus of[]int[]mult pos[]less[]divide[]eq$\OT1/cmr/m/n/10.95 )$[] 
 []


Underfull \vbox (badness 10000) has occurred while \output is active []

 [76]
Underfull \vbox (badness 10000) has occurred while \output is active []

 [77]
Underfull \vbox (badness 10000) has occurred while \output is active []

 [78]
Overfull \hbox (12.06512pt too wide) in paragraph at lines 409--411
[][]      \T1/cmr/bx/n/10.95 by $\OT1/cmr/m/n/10.95 ($\T1/cmr/m/it/10.95 metis 
One[]nat[]def add$\OML/cmm/m/it/10.95 :$\T1/cmr/m/it/10.95 right[]neutral add[]
Suc[]right assms length[]greater[]0[]conv
 []


Underfull \vbox (badness 10000) has occurred while \output is active []

 [79]
Overfull \hbox (23.13358pt too wide) in paragraph at lines 429--431
[][]      \T1/cmr/bx/n/10.95 by $\OT1/cmr/m/n/10.95 ($\T1/cmr/m/it/10.95 smt ad
d$\OML/cmm/m/it/10.95 :$\T1/cmr/m/it/10.95 commute add[]diff[]cancel[]right add
[]diff[]cancel[]right$ [] $ add[]diff[]inverse[]nat
 []


Overfull \hbox (21.84966pt too wide) in paragraph at lines 465--478
[][]  \T1/cmr/bx/n/10.95 by $\OT1/cmr/m/n/10.95 ($\T1/cmr/m/it/10.95 metis $\OT
1/cmr/m/n/10.95 ($\T1/cmr/m/it/10.95 no[]types$\OML/cmm/m/it/10.95 ;$ \T1/cmr/m
/it/10.95 lift-ing$\OT1/cmr/m/n/10.95 )$ \T1/cmr/m/it/10.95 filter[]False filte
r[]append self[]append[]conv2 set[]takeWhileD
 []


Underfull \vbox (badness 10000) has occurred while \output is active []

 [80]
Overfull \hbox (3.02747pt too wide) in paragraph at lines 547--549
[][]    \T1/cmr/bx/n/10.95 by $\OT1/cmr/m/n/10.95 ($\T1/cmr/m/it/10.95 metis On
e[]nat[]def Suc[]eq[]plus1 append[]take[]drop[]id filter[]append length[]Cons
 []


Underfull \vbox (badness 10000) has occurred while \output is active []

 [81]
Overfull \hbox (52.75664pt too wide) in paragraph at lines 636--638
[][]    \T1/cmr/bx/n/10.95 by $\OT1/cmr/m/n/10.95 ($\T1/cmr/m/it/10.95 metis Su
c[]eq[]plus1 add$\OML/cmm/m/it/10.95 :$\T1/cmr/m/it/10.95 commute add[]less[]ca
ncel[]left fil-ter$\OML/cmm/m/it/10.95 :$\T1/cmr/m/it/10.95 simps$\OT1/cmr/m/n/
10.95 ($\T1/cmr/m/it/10.95 1$\OT1/cmr/m/n/10.95 )$ \T1/cmr/m/it/10.95 filter[]d
ropWhile[]not
 []


Overfull \hbox (55.84457pt too wide) in paragraph at lines 641--643
\T1/cmr/m/it/10.95 length[]append less[]le list$\OML/cmm/m/it/10.95 :$\T1/cmr/m
/it/10.95 size$\OT1/cmr/m/n/10.95 ($\T1/cmr/m/it/10.95 3$\OT1/cmr/m/n/10.95 )$ 
\T1/cmr/m/it/10.95 nth[]Cons[]Suc nth[]append[]length[]plus takeWhile[]dropWhil
e[]id$\OT1/cmr/m/n/10.95 )$[] 
 []


Underfull \vbox (badness 10000) has occurred while \output is active []

 [82]
Overfull \hbox (22.75604pt too wide) in paragraph at lines 686--688
[][]      \T1/cmr/bx/n/10.95 by $\OT1/cmr/m/n/10.95 ($\T1/cmr/m/it/10.95 metis 
One[]nat[]def Suc[]eq[]plus1 Suc[]pred add$\OML/cmm/m/it/10.95 :$\T1/cmr/m/it/1
0.95 commute add[]lessD1 length[]append
 []


Overfull \hbox (18.72461pt too wide) in paragraph at lines 694--696
[][]      \T1/cmr/bx/n/10.95 by $\OT1/cmr/m/n/10.95 ($\T1/cmr/m/it/10.95 metis 
Suc[]eq[]plus1 add$\OML/cmm/m/it/10.95 :$\T1/cmr/m/it/10.95 commute add[]Suc[]r
ight hd[]Cons[]tl length[]greater[]0[]conv
 []


Overfull \hbox (54.48137pt too wide) in paragraph at lines 694--696
\T1/cmr/m/it/10.95 length[]tl list$\OML/cmm/m/it/10.95 :$\T1/cmr/m/it/10.95 siz
e$\OT1/cmr/m/n/10.95 ($\T1/cmr/m/it/10.95 3$\OT1/cmr/m/n/10.95 )$ \T1/cmr/m/it/
10.95 not[]less[]zero nth[]Cons[]Suc nth[]append[]length[]plus takeWhile[]dropW
hile[]id
 []


Overfull \hbox (18.72461pt too wide) in paragraph at lines 702--704
[][]      \T1/cmr/bx/n/10.95 by $\OT1/cmr/m/n/10.95 ($\T1/cmr/m/it/10.95 metis 
Suc[]eq[]plus1 add$\OML/cmm/m/it/10.95 :$\T1/cmr/m/it/10.95 commute add[]Suc[]r
ight hd[]Cons[]tl length[]greater[]0[]conv
 []


Overfull \hbox (54.48137pt too wide) in paragraph at lines 702--704
\T1/cmr/m/it/10.95 length[]tl list$\OML/cmm/m/it/10.95 :$\T1/cmr/m/it/10.95 siz
e$\OT1/cmr/m/n/10.95 ($\T1/cmr/m/it/10.95 3$\OT1/cmr/m/n/10.95 )$ \T1/cmr/m/it/
10.95 not[]less[]zero nth[]Cons[]Suc nth[]append[]length[]plus takeWhile[]dropW
hile[]id
 []


Overfull \hbox (39.8281pt too wide) in paragraph at lines 723--725
[][]      \T1/cmr/bx/n/10.95 by $\OT1/cmr/m/n/10.95 ($\T1/cmr/m/it/10.95 smt  a
b[]semigroup[]add[]class$\OML/cmm/m/it/10.95 :$\T1/cmr/m/it/10.95 add[]ac$\OT1/
cmr/m/n/10.95 ($\T1/cmr/m/it/10.95 1$\OT1/cmr/m/n/10.95 )$ \T1/cmr/m/it/10.95 a
dd$\OML/cmm/m/it/10.95 :$\T1/cmr/m/it/10.95 commute add[]lessD1 add[]less[]canc
el[]left
 []


Overfull \hbox (101.8971pt too wide) in paragraph at lines 723--725
\T1/cmr/m/it/10.95 cal-cu-la-tion$\OT1/cmr/m/n/10.95 ($\T1/cmr/m/it/10.95 2$\OT
1/cmr/m/n/10.95 )$ \T1/cmr/m/it/10.95 length[]append length[]tl less[]diff[]con
v less[]trans[]Suc plus[]1[]eq[]Suc takeWhile[]dropWhile[]id$\OT1/cmr/m/n/10.95
 )$[] 
 []


Underfull \vbox (badness 10000) has occurred while \output is active []

 [83]
Overfull \hbox (7.21712pt too wide) in paragraph at lines 765--767
[][]        \T1/cmr/bx/n/10.95 by $\OT1/cmr/m/n/10.95 ($\T1/cmr/m/it/10.95 smt 
Suc[]eq[]plus1 add$\OML/cmm/m/it/10.95 :$\T1/cmr/m/it/10.95 commute add[]Suc[]r
ight add[]lessD1 add[]less[]cancel[]left
 []


Overfull \hbox (7.21712pt too wide) in paragraph at lines 794--796
[][]        \T1/cmr/bx/n/10.95 by $\OT1/cmr/m/n/10.95 ($\T1/cmr/m/it/10.95 smt 
Suc[]eq[]plus1 add$\OML/cmm/m/it/10.95 :$\T1/cmr/m/it/10.95 commute add[]Suc[]r
ight add[]lessD1 add[]less[]cancel[]left
 []

[84]
Underfull \vbox (badness 10000) has occurred while \output is active []

 [85]
Underfull \vbox (badness 10000) has occurred while \output is active []

 [86]
Overfull \hbox (26.45285pt too wide) in paragraph at lines 1036--1038
[][]    \T1/cmr/bx/n/10.95 by $\OT1/cmr/m/n/10.95 ($\T1/cmr/m/it/10.95 metis li
st$\OML/cmm/m/it/10.95 :$\T1/cmr/m/it/10.95 sel$\OT1/cmr/m/n/10.95 ($\T1/cmr/m/
it/10.95 1$\OT1/cmr/m/n/10.95 )$ \T1/cmr/m/it/10.95 list$\OML/cmm/m/it/10.95 :$
\T1/cmr/m/it/10.95 set[]cases set[]ConsD valid[]moves[]Cons valid[]move[]valid[
]state$\OT1/cmr/m/n/10.95 )$[] 
 []


Overfull \hbox (18.71272pt too wide) in paragraph at lines 1106--1108
[][]    \T1/cmr/bx/n/10.95 by $\OT1/cmr/m/n/10.95 ($\T1/cmr/m/it/10.95 smt add$
\OML/cmm/m/it/10.95 :$\T1/cmr/m/it/10.95 right[]neutral add[]Suc[]right add[]di
ff[]cancel[]left$ [] $ le[]SucI less[]imp[]Suc[]add
 []


Overfull \hbox (41.88876pt too wide) in paragraph at lines 1106--1108
\T1/cmr/m/it/10.95 less[]le[]trans list[]update[]swap n[]not[]Suc[]n nat$\OML/c
mm/m/it/10.95 :$\T1/cmr/m/it/10.95 simps$\OT1/cmr/m/n/10.95 ($\T1/cmr/m/it/10.9
5 3$\OT1/cmr/m/n/10.95 )$ \T1/cmr/m/it/10.95 nth[]list[]update[]eq nth[]list[]u
pdate[]neq
 []


Underfull \vbox (badness 10000) has occurred while \output is active []

 [87]
Overfull \hbox (19.76112pt too wide) in paragraph at lines 1121--1123
[][]    \T1/cmr/bx/n/10.95 by $\OT1/cmr/m/n/10.95 ($\T1/cmr/m/it/10.95 metis Gr
oups$\OML/cmm/m/it/10.95 :$\T1/cmr/m/it/10.95 add[]ac$\OT1/cmr/m/n/10.95 ($\T1/
cmr/m/it/10.95 2$\OT1/cmr/m/n/10.95 )$ \T1/cmr/m/it/10.95 diff[]le[]self le[]im
p[]less[]Suc length[]list[]update n[]not[]Suc[]n
 []


Overfull \hbox (6.16524pt too wide) in paragraph at lines 1166--1168
[][]      \T1/cmr/bx/n/10.95 by $\OT1/cmr/m/n/10.95 ($\T1/cmr/m/it/10.95 metis 
Nat$\OML/cmm/m/it/10.95 :$\T1/cmr/m/it/10.95 add[]0[]right One[]nat[]def add[]S
uc[]right le[]imp[]less[]Suc le[]less[]trans
 []


Underfull \vbox (badness 10000) has occurred while \output is active []

 [88]
[89]
Underfull \vbox (badness 10000) has occurred while \output is active []

 [90]
Underfull \vbox (badness 10000) has occurred while \output is active []

 [91]
Overfull \hbox (15.2898pt too wide) in paragraph at lines 1438--1440
[][]      \T1/cmr/bx/n/10.95 by $\OT1/cmr/m/n/10.95 ($\T1/cmr/m/it/10.95 metis 
One[]nat[]def add$\OML/cmm/m/it/10.95 :$\T1/cmr/m/it/10.95 right[]neutral add[]
Suc[]right in[]set[]conv[]nth le[]simps$\OT1/cmr/m/n/10.95 ($\T1/cmr/m/it/10.95
 2$\OT1/cmr/m/n/10.95 )$$)$[] 
 []


Overfull \hbox (52.39978pt too wide) in paragraph at lines 1445--1447
\T1/cmr/m/it/10.95 boolean[]algebra[]cancel$\OML/cmm/m/it/10.95 :$\T1/cmr/m/it/
10.95 sup0 in-sertE le[]imp[]less[]Suc le[]less[]trans less[]imp[]le[]nat mem[]
simps$\OT1/cmr/m/n/10.95 ($\T1/cmr/m/it/10.95 9$\OT1/cmr/m/n/10.95 )$
 []


Underfull \vbox (badness 10000) has occurred while \output is active []

 [92]
Overfull \hbox (45.95004pt too wide) in paragraph at lines 1522--1524
[][]      \T1/cmr/bx/n/10.95 ap-ply $\OT1/cmr/m/n/10.95 ($\T1/cmr/m/it/10.95 sm
t Diff[]insert[]absorb Diff[]subset IntI Un[]insert[]right boolean[]algebra[]ca
ncel$\OML/cmm/m/it/10.95 :$\T1/cmr/m/it/10.95 sup0
 []


Overfull \hbox (2.78786pt too wide) in paragraph at lines 1522--1524
\T1/cmr/m/it/10.95 empty[]iff in-sertE less[]imp[]le[]nat less[]le[]trans mk[]d
isjoint[]insert nat[]neq[]iff sub-setD$\OT1/cmr/m/n/10.95 )$[] 
 []


Overfull \hbox (1.66298pt too wide) in paragraph at lines 1544--1546
[][]    \T1/cmr/bx/n/10.95 un-fold-ing \T1/cmr/m/it/10.95 valid[]labeled[]move[
]def Let[]def valid[]labeled[]move$ [] $[]def labeled[]move[]def
 []


Underfull \vbox (badness 10000) has occurred while \output is active []

 [93]
Overfull \hbox (6.88269pt too wide) in paragraph at lines 1586--1588
\T1/cmr/m/it/10.95 length[]tl less[]diff[]conv list$\OML/cmm/m/it/10.95 :$\T1/c
mr/m/it/10.95 inject list$\OML/cmm/m/it/10.95 :$\T1/cmr/m/it/10.95 set[]cases l
ist$\OML/cmm/m/it/10.95 :$\T1/cmr/m/it/10.95 simps$\OT1/cmr/m/n/10.95 ($\T1/cmr
/m/it/10.95 3$\OT1/cmr/m/n/10.95 )$ \T1/cmr/m/it/10.95 nth[]Cons[]0 nth[]Cons[]
Suc
 []


Underfull \vbox (badness 10000) has occurred while \output is active []

 [94]
Overfull \hbox (5.00153pt too wide) in paragraph at lines 1680--1682
[][]      \T1/cmr/bx/n/10.95 un-fold-ing \T1/cmr/m/it/10.95 valid[]labeled[]sta
te[]def valid[]labeled[]move$ [] $[]def Let[]def labeled[]move[]def[] 
 []


Overfull \hbox (5.00153pt too wide) in paragraph at lines 1690--1692
[][]      \T1/cmr/bx/n/10.95 un-fold-ing \T1/cmr/m/it/10.95 valid[]labeled[]sta
te[]def valid[]labeled[]move$ [] $[]def Let[]def labeled[]move[]def[] 
 []


Underfull \vbox (badness 10000) has occurred while \output is active []

 [95]
Overfull \hbox (0.109pt too wide) in paragraph at lines 1779--1781
[][]  \T1/cmr/bx/n/10.95 un-fold-ing \T1/cmr/m/it/10.95 labeled[]move[]position
s[]def valid[]labeled[]state[]def valid[]labeled[]move[]def[] 
 []


Underfull \vbox (badness 10000) has occurred while \output is active []

 [96]
Overfull \hbox (26.83629pt too wide) in paragraph at lines 1885--1892
[][]  \T1/cmr/bx/n/10.95 by $\OT1/cmr/m/n/10.95 ($\T1/cmr/m/it/10.95 metis $\OT
1/cmr/m/n/10.95 ($\T1/cmr/m/it/10.95 mono[]tags$\OML/cmm/m/it/10.95 ;$ \T1/cmr/
m/it/10.95 lift-ing$\OT1/cmr/m/n/10.95 )$ \T1/cmr/m/it/10.95 One[]nat[]def add$
\OML/cmm/m/it/10.95 :$\T1/cmr/m/it/10.95 right[]neutral add[]Suc[]right le[]sim
ps$\OT1/cmr/m/n/10.95 ($\T1/cmr/m/it/10.95 2$\OT1/cmr/m/n/10.95 )$$)$[] 
 []


Underfull \vbox (badness 10000) has occurred while \output is active []

 [97]
Overfull \hbox (29.10645pt too wide) in paragraph at lines 1954--1956
[][]      \T1/cmr/bx/n/10.95 us-ing \T1/cmr/m/it/10.95 assms$\OT1/cmr/m/n/10.95
 ($\T1/cmr/m/it/10.95 1$\OT1/cmr/m/n/10.95 )$ \T1/cmr/m/it/10.95 assms$\OT1/cmr
/m/n/10.95 ($\T1/cmr/m/it/10.95 2$\OT1/cmr/m/n/10.95 )$ \T1/cmr/m/it/10.95 vali
d[]labeled[]move[]def valid[]labeled[]move[]valid[]labeled[]state[] 
 []


Overfull \hbox (5.00153pt too wide) in paragraph at lines 1964--1966
[][]      \T1/cmr/bx/n/10.95 un-fold-ing \T1/cmr/m/it/10.95 valid[]labeled[]sta
te[]def valid[]labeled[]move$ [] $[]def Let[]def labeled[]move[]def[] 
 []


Underfull \vbox (badness 10000) has occurred while \output is active []

 [98]
[99]
Underfull \vbox (badness 10000) has occurred while \output is active []

 [100]
Underfull \vbox (badness 10000) has occurred while \output is active []

 [101]
Overfull \hbox (45.83733pt too wide) in paragraph at lines 2379--2381
[][]    \T1/cmr/bx/n/10.95 by $\OT1/cmr/m/n/10.95 ($\T1/cmr/m/it/10.95 metis On
e[]nat[]def Union[]upper add$\OML/cmm/m/it/10.95 :$\T1/cmr/m/it/10.95 right[]ne
utral add[]Suc[]right finite[]atLeastLessThan
 []


Underfull \vbox (badness 10000) has occurred while \output is active []

 [102]
[103]
Overfull \hbox (43.9714pt too wide) in paragraph at lines 2527--2529
[][]  \T1/cmr/bx/n/10.95 un-fold-ing \T1/cmr/m/it/10.95 valid[]labeled[]game[]d
ef valid[]labeled[]moves[]def valid[]labeled[]moves[]max[]stone[]def[] 
 []


Overfull \hbox (48.57056pt too wide) in paragraph at lines 2557--2559
\T1/cmr/m/it/10.95 card[]infinite less[]le[]trans nat[]neq[]iff nth[]map trans[
]less[]add1 unlabel[]def valid[]labeled[]state[]def
 []


Underfull \vbox (badness 10000) has occurred while \output is active []

 [104]
Underfull \vbox (badness 10000) has occurred while \output is active []

 [105]
Underfull \vbox (badness 10000) has occurred while \output is active []

 [106]
Overfull \hbox (26.73425pt too wide) in paragraph at lines 2730--2732
\T1/cmr/m/it/10.95 group[]cancel$\OML/cmm/m/it/10.95 :$\T1/cmr/m/it/10.95 add1 
less[]diff[]conv list$\OML/cmm/m/it/10.95 :$\T1/cmr/m/it/10.95 size$\OT1/cmr/m/
n/10.95 ($\T1/cmr/m/it/10.95 4$\OT1/cmr/m/n/10.95 )$ \T1/cmr/m/it/10.95 nth[]Co
ns[]Suc plus[]1[]eq[]Suc valid[]moves[]def$\OT1/cmr/m/n/10.95 )$[] 
 []


Underfull \vbox (badness 10000) has occurred while \output is active []

 [107]
Underfull \vbox (badness 10000) has occurred while \output is active []

 [108]
Overfull \hbox (109.1696pt too wide) in paragraph at lines 2887--2889
[][]    \T1/cmr/bx/n/10.95 by $\OT1/cmr/m/n/10.95 ($\T1/cmr/m/it/10.95 smt Cons
[]eq[]map[]conv case[]prod[]conv label[]moves[]max[]stone$\OML/cmm/m/it/10.95 :
$\T1/cmr/m/it/10.95 simps$\OT1/cmr/m/n/10.95 ($\T1/cmr/m/it/10.95 2$\OT1/cmr/m/
n/10.95 )$ \T1/cmr/m/it/10.95 valid[]move$ [] $[]move[]positions$\OT1/cmr/m/n/1
0.95 )$[] 
 []


Underfull \vbox (badness 10000) has occurred while \output is active []

 [109]
Underfull \vbox (badness 10000) has occurred while \output is active []

 [110]
Overfull \hbox (20.11798pt too wide) in paragraph at lines 3107--3109
[][]    \T1/cmr/bx/n/10.95 by $\OT1/cmr/m/n/10.95 ($\T1/cmr/m/it/10.95 metis On
e[]nat[]def add$\OML/cmm/m/it/10.95 :$\T1/cmr/m/it/10.95 right[]neutral add[]Su
c[]right le[]imp[]less[]Suc less[]imp[]le[]nat
 []


Overfull \hbox (16.9923pt too wide) in paragraph at lines 3117--3119
[][]    \T1/cmr/bx/n/10.95 by $\OT1/cmr/m/n/10.95 ($\T1/cmr/m/it/10.95 metis le
ngth[]replicate less[]add[]same[]cancel1 less[]one nth[]list[]update[]eq nth[]m
ap$\OT1/cmr/m/n/10.95 )$[] 
 []


Overfull \hbox (6.39291pt too wide) in paragraph at lines 3137--3139
[][]    \T1/cmr/bx/n/10.95 ap-ply $\OT1/cmr/m/n/10.95 ($\T1/cmr/m/it/10.95 meti
s Union[]upper assms$\OT1/cmr/m/n/10.95 ($\T1/cmr/m/it/10.95 2$\OT1/cmr/m/n/10.
95 )$ \T1/cmr/m/it/10.95 card[]atLeastLessThan card[]subset[]eq diff[]zero
 []


Overfull \hbox (38.10707pt too wide) in paragraph at lines 3137--3139
\T1/cmr/m/it/10.95 finite[]atLeastLessThan less[]add[]same[]cancel1 nth[]mem va
lid[]labeled[]state[]def zero[]less[]one$\OT1/cmr/m/n/10.95 )$[] 
 []


Underfull \vbox (badness 10000) has occurred while \output is active []

 [111]
Overfull \hbox (39.55914pt too wide) in paragraph at lines 3165--3167
[][]      \T1/cmr/bx/n/10.95 by $\OT1/cmr/m/n/10.95 ($\T1/cmr/m/it/10.95 metis 
add$\OML/cmm/m/it/10.95 :$\T1/cmr/m/it/10.95 commute length[]replicate less[]Su
c[]eq nth[]list[]update[]eq nth[]list[]update[]neq
 []


Overfull \hbox (94.29338pt too wide) in paragraph at lines 3183--3196
[][]  \T1/cmr/bx/n/10.95 by $\OT1/cmr/m/n/10.95 ($\T1/cmr/m/it/10.95 metis assm
s hd[]Cons[]tl length[]map list$\OML/cmm/m/it/10.95 :$\T1/cmr/m/it/10.95 size$\
OT1/cmr/m/n/10.95 ($\T1/cmr/m/it/10.95 3$\OT1/cmr/m/n/10.95 )$ \T1/cmr/m/it/10.
95 not[]le unlabel[]initial unlabel[]label[]moves[]max[]stone
 []


Overfull \hbox (5.38943pt too wide) in paragraph at lines 3202--3203
[][]  \T1/cmr/bx/n/10.95 shows \T1/cmr/m/it/10.95 valid[]labeled[]game[]max[]st
one n $\OT1/cmr/m/n/10.95 ($\T1/cmr/m/it/10.95 label[]moves[]max[]stone $\OT1/c
mr/m/n/10.95 ($\T1/cmr/m/it/10.95 initial[]labeled[]state
 []


Overfull \hbox (9.11377pt too wide) in paragraph at lines 3219--3221
[][]    \T1/cmr/bx/n/10.95 by $\OT1/cmr/m/n/10.95 ($\T1/cmr/m/it/10.95 metis Gr
oups$\OML/cmm/m/it/10.95 :$\T1/cmr/m/it/10.95 add[]ac$\OT1/cmr/m/n/10.95 ($\T1/
cmr/m/it/10.95 2$\OT1/cmr/m/n/10.95 )$ \T1/cmr/m/it/10.95 One[]nat[]def add[]di
ff[]cancel[]left$ [] $ hd[]Cons[]tl list$\OML/cmm/m/it/10.95 :$\T1/cmr/m/it/10.
95 sel$\OT1/cmr/m/n/10.95 ($\T1/cmr/m/it/10.95 2$\OT1/cmr/m/n/10.95 )$
 []


Overfull \hbox (40.896pt too wide) in paragraph at lines 3219--3221
\T1/cmr/m/it/10.95 list$\OML/cmm/m/it/10.95 :$\T1/cmr/m/it/10.95 size$\OT1/cmr/
m/n/10.95 ($\T1/cmr/m/it/10.95 3$\OT1/cmr/m/n/10.95 )$ \T1/cmr/m/it/10.95 list$
\OML/cmm/m/it/10.95 :$\T1/cmr/m/it/10.95 size$\OT1/cmr/m/n/10.95 ($\T1/cmr/m/it
/10.95 4$\OT1/cmr/m/n/10.95 )$ \T1/cmr/m/it/10.95 n[]not[]Suc[]n plus[]1[]eq[]S
uc unlabel[]initial upt[]0 upt[]rec valid[]game[]def
 []


Underfull \vbox (badness 10000) has occurred while \output is active []

 [112]
Overfull \hbox (22.51212pt too wide) in paragraph at lines 3245--3247
[][]    \T1/cmr/bx/n/10.95 by $\OT1/cmr/m/n/10.95 ($\T1/cmr/m/it/10.95 metis $\
OMS/cmsy/m/n/10.95 ^^C$ \T1/cmr/m/it/10.95 Nil[]is[]map[]conv hd[]Cons[]tl last
[]map list$\OML/cmm/m/it/10.95 :$\T1/cmr/m/it/10.95 size$\OT1/cmr/m/n/10.95 ($\
T1/cmr/m/it/10.95 3$\OT1/cmr/m/n/10.95 )$ \T1/cmr/m/it/10.95 not[]le zero[]less
[]numeral$\OT1/cmr/m/n/10.95 )$[] 
 []


Overfull \hbox (1.87141pt too wide) in paragraph at lines 3253--3255
[][]    \T1/cmr/bx/n/10.95 by $\OT1/cmr/m/n/10.95 ($\T1/cmr/m/it/10.95 metis la
st[]in[]set list$\OML/cmm/m/it/10.95 :$\T1/cmr/m/it/10.95 discI list$\OML/cmm/m
/it/10.95 :$\T1/cmr/m/it/10.95 simps$\OT1/cmr/m/n/10.95 ($\T1/cmr/m/it/10.95 8$
\OT1/cmr/m/n/10.95 )$ \T1/cmr/m/it/10.95 valid[]labeled[]state[]initial[]labele
d[]state
 []


Overfull \hbox (4.89734pt too wide) in paragraph at lines 3264--3266
[][]  \T1/cmr/bx/n/10.95 show \T1/cmr/m/it/10.95 valid[]labeled[]moves[]max[]st
one n $\OT1/cmr/m/n/10.95 ($\T1/cmr/m/it/10.95 label[]moves[]max[]stone $\OT1/c
mr/m/n/10.95 ($\T1/cmr/m/it/10.95 initial[]labeled[]state
 []


Underfull \vbox (badness 10000) has occurred while \output is active []

 [113]
Overfull \hbox (35.26457pt too wide) in paragraph at lines 3356--3358
[][]    \T1/cmr/bx/n/10.95 by $\OT1/cmr/m/n/10.95 ($\T1/cmr/m/it/10.95 meson le
ss[]imp[]le[]nat less[]le[]trans nth[]mem valid[]labeled[]moves[]valid[]labeled
[]states$\OT1/cmr/m/n/10.95 )$[] 
 []


Underfull \vbox (badness 10000) has occurred while \output is active []

 [114]
Overfull \hbox (33.4116pt too wide) in paragraph at lines 3391--3393
[][]      \T1/cmr/bx/n/10.95 us-ing []\T1/cmr/m/it/10.95 valid[]labeled[]state 
n $\OT1/cmr/m/n/10.95 ($$($\T1/cmr/m/it/10.95 l[]state $\OT1/cmr/m/n/10.95 #$ \
T1/cmr/m/it/10.95 l[]states$\OT1/cmr/m/n/10.95 )$ $!$ \T1/cmr/m/it/10.95 i$\OT1
/cmr/m/n/10.95 )$[] \T1/cmr/m/it/10.95 valid[]labeled[]move$ [] $[]stone[]posit
ions[] 
 []


Underfull \vbox (badness 10000) has occurred while \output is active []

 [115]
Overfull \hbox (31.6342pt too wide) in paragraph at lines 3510--3512
[][]  \T1/cmr/bx/n/10.95 have \T1/cmr/m/it/10.95 l[]states $\OMS/cmsy/m/n/10.95
 6\OT1/cmr/m/n/10.95 =$ $[$$]$ \T1/cmr/m/it/10.95 length l[]states $\OMS/cmsy/m
/n/10.95 ^^U$ \T1/cmr/m/it/10.95 2 valid[]labeled[]state n $\OT1/cmr/m/n/10.95 
($\T1/cmr/m/it/10.95 hd l[]states$\OT1/cmr/m/n/10.95 )$ \T1/cmr/m/it/10.95 vali
d[]labeled[]moves
 []


Underfull \vbox (badness 10000) has occurred while \output is active []

 [116]
Underfull \vbox (badness 10000) has occurred while \output is active []

 [117]
Overfull \hbox (8.15881pt too wide) in paragraph at lines 3613--3615
[][]          \T1/cmr/bx/n/10.95 un-fold-ing \T1/cmr/m/it/10.95 valid[]labeled[
]game[]max[]stone[]def valid[]labeled[]moves[]max[]stone[]def[] 
 []


Overfull \hbox (125.97586pt too wide) in paragraph at lines 3623--3625
[][]          \T1/cmr/bx/n/10.95 by $\OT1/cmr/m/n/10.95 ($\T1/cmr/m/it/10.95 me
son add[]lessD1 assms$\OT1/cmr/m/n/10.95 ($\T1/cmr/m/it/10.95 1$\OT1/cmr/m/n/10
.95 )$ \T1/cmr/m/it/10.95 less[]diff[]conv nth[]mem valid[]labeled[]game[]max[]
stone[]valid[]labeled[]game
 []


Underfull \vbox (badness 10000) has occurred while \output is active []

 [118]
Overfull \hbox (30.89926pt too wide) in paragraph at lines 3711--3713
[][]          \T1/cmr/bx/n/10.95 us-ing \T1/cmr/m/it/10.95 assms valid[]labeled
[]game[]def valid[]labeled[]game[]max[]stone[]valid[]labeled[]game[] 
 []


Underfull \vbox (badness 10000) has occurred while \output is active []

 [119]
Underfull \vbox (badness 10000) has occurred while \output is active []

 [120]
Overfull \hbox (27.64742pt too wide) in paragraph at lines 3869--3870
[][]                \T1/cmr/m/it/10.95 metis $\OT1/cmr/m/n/10.95 ($\T1/cmr/m/it
/10.95 mono[]tags$\OML/cmm/m/it/10.95 ;$ \T1/cmr/m/it/10.95 lift-ing$\OT1/cmr/m
/n/10.95 )$ \T1/cmr/m/it/10.95 One[]nat[]def le[]add[]diff[]inverse less[]numer
al[]extra$\OT1/cmr/m/n/10.95 ($\T1/cmr/m/it/10.95 4$\OT1/cmr/m/n/10.95 )$
 []


Underfull \vbox (badness 10000) has occurred while \output is active []

 [121]
Underfull \vbox (badness 10000) has occurred while \output is active []

 [122]
Overfull \hbox (123.12912pt too wide) in paragraph at lines 3957--3959
\T1/cmr/m/it/10.95 less[]le[]trans nth[]mem valid[]labeled[]game[]max[]stone[]v
alid[]labeled[]game valid[]labeled[]game[]valid[]labeled[]states$\OT1/cmr/m/n/1
0.95 )$[] 
 []


Overfull \hbox (64.40096pt too wide) in paragraph at lines 3983--3985
\T1/cmr/m/it/10.95 nth[]mem valid[]labeled[]game[]max[]stone[]valid[]labeled[]g
ame valid[]labeled[]game[]valid[]labeled[]states$\OT1/cmr/m/n/10.95 )$[] 
 []


Underfull \vbox (badness 10000) has occurred while \output is active []

 [123]
Underfull \vbox (badness 10000) has occurred while \output is active []

 [124]
Underfull \vbox (badness 10000) has occurred while \output is active []

 [125]
Underfull \vbox (badness 10000) has occurred while \output is active []

 [126]
Overfull \hbox (64.40096pt too wide) in paragraph at lines 4254--4256
\T1/cmr/m/it/10.95 nth[]mem valid[]labeled[]game[]max[]stone[]valid[]labeled[]g
ame valid[]labeled[]game[]valid[]labeled[]states$\OT1/cmr/m/n/10.95 )$[] 
 []


Underfull \vbox (badness 10000) has occurred while \output is active []

 [127]
Underfull \vbox (badness 10000) has occurred while \output is active []

 [128]
Underfull \vbox (badness 10000) has occurred while \output is active []

 [129])
(./IMO_2018_SL_C4.tex [130]
Underfull \vbox (badness 10000) has occurred while \output is active []

 [131]
Underfull \vbox (badness 10000) has occurred while \output is active []

 [132]
Underfull \vbox (badness 10000) has occurred while \output is active []

 [133]
Underfull \vbox (badness 10000) has occurred while \output is active []

 [134]
Underfull \vbox (badness 10000) has occurred while \output is active []

 [135]
Overfull \hbox (0.93417pt too wide) in paragraph at lines 553--555
[][]      \T1/cmr/bx/n/10.95 by $\OT1/cmr/m/n/10.95 ($\T1/cmr/m/it/10.95 smt Su
c[]diff[]1 []0 $\OML/cmm/m/it/10.95 <$ \T1/cmr/m/it/10.95 n[] add$\OML/cmm/m/it
/10.95 :$\T1/cmr/m/it/10.95 commute add[]Suc[]right distrib[]left div[]mult[]se
lf2
 []


Overfull \hbox (24.10168pt too wide) in paragraph at lines 553--555
\T1/cmr/m/it/10.95 less[]le[]trans mult[]2 mult[]2[]right nat[]neq[]iff one[]ad
d[]one plus[]1[]eq[]Suc zero[]neq[]numeral$\OT1/cmr/m/n/10.95 )$[] 
 []


Underfull \vbox (badness 10000) has occurred while \output is active []

 [136]
Underfull \vbox (badness 10000) has occurred while \output is active []

 [137]
Underfull \vbox (badness 10000) has occurred while \output is active []

 [138]
Underfull \vbox (badness 10000) has occurred while \output is active []

 [139]
Underfull \vbox (badness 10000) has occurred while \output is active []

 [140]
Underfull \vbox (badness 10000) has occurred while \output is active []

 [141]
Underfull \vbox (badness 10000) has occurred while \output is active []

 [142]
Overfull \hbox (53.65839pt too wide) in paragraph at lines 1118--1120
\T1/cmr/m/it/10.95 add[]diff[]cancel[]right$ [] $ fun[]upd[]same le[]Suc[]eq le
ss[]Suc[]eq less[]or[]eq[]imp[]le nat[]add[]left[]cancel[]le
 []


Underfull \vbox (badness 10000) has occurred while \output is active []

 [143]
Overfull \hbox (53.65839pt too wide) in paragraph at lines 1190--1192
\T1/cmr/m/it/10.95 add[]diff[]cancel[]right$ [] $ fun[]upd[]same le[]Suc[]eq le
ss[]Suc[]eq less[]or[]eq[]imp[]le nat[]add[]left[]cancel[]le
 []


Underfull \vbox (badness 10000) has occurred while \output is active []

 [144]
Underfull \vbox (badness 10000) has occurred while \output is active []

 [145]
Overfull \hbox (17.10901pt too wide) in paragraph at lines 1316--1318
[][]    \T1/cmr/bx/n/10.95 by $\OT1/cmr/m/n/10.95 ($\T1/cmr/m/it/10.95 smt One[
]nat[]def Suc[]diff[]Suc Suc[]leD cancel[]comm[]monoid[]add[]class$\OML/cmm/m/i
t/10.95 :$\T1/cmr/m/it/10.95 diff[]cancel
 []


Underfull \vbox (badness 10000) has occurred while \output is active []

 [146]
Underfull \vbox (badness 10000) has occurred while \output is active []

 [147]
Underfull \vbox (badness 10000) has occurred while \output is active []

 [148]
Underfull \vbox (badness 10000) has occurred while \output is active []

 [149]
Underfull \vbox (badness 10000) has occurred while \output is active []

 [150]
Underfull \vbox (badness 10000) has occurred while \output is active []

 [151]
Underfull \vbox (badness 10000) has occurred while \output is active []

 [152]
Underfull \vbox (badness 10000) has occurred while \output is active []

 [153]
Overfull \hbox (4.7347pt too wide) in paragraph at lines 1931--1933
[][]    \T1/cmr/bx/n/10.95 have $\OT1/cmr/m/n/10.95 ($$[] $\T1/cmr/m/it/10.95 r
$ [] $$\OMS/cmsy/m/n/10.95  $$\OT1/cmr/m/n/10.95 [$\T1/cmr/m/it/10.95 r0$\OML/c
mm/m/it/10.95 :$$:$$<$$\OT1/cmr/m/n/10.95 ($\T1/cmr/m/it/10.95 r0 $\OT1/cmr/m/n
/10.95 +$ \T1/cmr/m/it/10.95 n $\OMS/cmsy/m/n/10.95 ^^@$ \T1/cmr/m/it/10.95 1$\
OT1/cmr/m/n/10.95 )$ $+$ \T1/cmr/m/it/10.95 1$\OT1/cmr/m/n/10.95 ]$$\OML/cmm/m/
it/10.95 :$ \T1/cmr/m/it/10.95 nat $\OT1/cmr/m/n/10.95 ($\T1/cmr/m/it/10.95 f r
$ [] $ $\OT1/cmr/m/n/10.95 ($\T1/cmr/m/it/10.95 ar r$ [] $$\OT1/cmr/m/n/10.95 )
$$)$$)$ $=$ \T1/cmr/m/it/10.95 nat $\OT1/cmr/m/n/10.95 ($$($$[] $\T1/cmr/m/it/1
0.95 r$ [] $$\OMS/cmsy/m/n/10.95  $$\OT1/cmr/m/n/10.95 [$\T1/cmr/m/it/10.95 r0$
\OML/cmm/m/it/10.95 :$$:$$<$$\OT1/cmr/m/n/10.95 ($\T1/cmr/m/it/10.95 r0
 []


Underfull \vbox (badness 10000) has occurred while \output is active []

 [154]
Underfull \vbox (badness 10000) has occurred while \output is active []

 [155]
Overfull \hbox (34.79457pt too wide) in paragraph at lines 2024--2026
\T1/cmr/m/it/10.95 diff[]less[]Suc max$\OML/cmm/m/it/10.95 :$\T1/cmr/m/it/10.95
 boundedE max$\OML/cmm/m/it/10.95 :$\T1/cmr/m/it/10.95 orderE one[]plus[]numera
l plus[]1[]eq[]Suc semiring[]norm$\OT1/cmr/m/n/10.95 ($\T1/cmr/m/it/10.95 4$\OT
1/cmr/m/n/10.95 )$
 []


Overfull \hbox (20.14941pt too wide) in paragraph at lines 2032--2034
[][]            \T1/cmr/bx/n/10.95 by $\OT1/cmr/m/n/10.95 ($\T1/cmr/m/it/10.95 
metis Suc[]leI add[]le[]cancel[]left diff[]diff[]cancel diff[]less[]Suc one[]pl
us[]numeral
 []


Underfull \vbox (badness 10000) has occurred while \output is active []

 [156]
Overfull \hbox (2.24213pt too wide) in paragraph at lines 2140--2142
\T1/cmr/m/it/10.95 one[]plus[]numeral plus[]1[]eq[]Suc semiring[]norm$\OT1/cmr/
m/n/10.95 ($\T1/cmr/m/it/10.95 4$\OT1/cmr/m/n/10.95 )$ \T1/cmr/m/it/10.95 semir
ing[]norm$\OT1/cmr/m/n/10.95 ($\T1/cmr/m/it/10.95 5$\OT1/cmr/m/n/10.95 )$ \T1/c
mr/m/it/10.95 zero[]less[]diff$\OT1/cmr/m/n/10.95 )$[] 
 []


Underfull \vbox (badness 10000) has occurred while \output is active []

 [157])
(./IMO_2018_SL_N5.tex [158]
Underfull \vbox (badness 10000) has occurred while \output is active []

 [159]
Underfull \vbox (badness 10000) has occurred while \output is active []

 [160]
Overfull \hbox (7.3285pt too wide) in paragraph at lines 370--372
[][]    \T1/cmr/bx/n/10.95 by $\OT1/cmr/m/n/10.95 ($\T1/cmr/m/it/10.95 metis ad
d[]uminus[]conv[]diff dvd[]minus[]iff even[]add even[]mult[]iff even[]numeral
 []


Underfull \vbox (badness 10000) has occurred while \output is active []

 [161]
Underfull \vbox (badness 10000) has occurred while \output is active []

 [162]
Overfull \hbox (42.29591pt too wide) in paragraph at lines 489--491
[][]      \T1/cmr/bx/n/10.95 us-ing []\T1/cmr/m/it/10.95 16 $\OT1/cmr/m/n/10.95
 =$ \T1/cmr/m/it/10.95 p^2 $\OT1/cmr/m/n/10.95 +$ \T1/cmr/m/it/10.95 q^2[] not[
]perfect[]square[]15 not[]perfect[]square[]12 not[]perfect[]square[]7[] 
 []


Underfull \vbox (badness 10000) has occurred while \output is active []

 [163]
Underfull \vbox (badness 10000) has occurred while \output is active []

 [164]
Underfull \vbox (badness 10000) has occurred while \output is active []

 [165]
Underfull \vbox (badness 10000) has occurred while \output is active []

 [166]))
Package atveryend Info: Empty hook `BeforeClearDocument' on input line 67.

[167]
Package atveryend Info: Empty hook `AfterLastShipout' on input line 67.
 (./root.aux)
Package atveryend Info: Executing hook `AtVeryEndDocument' on input line 67.
Package atveryend Info: Executing hook `AtEndAfterFileList' on input line 67.
Package rerunfilecheck Info: File `root.out' has not changed.
(rerunfilecheck)             Checksum: 8128AB892B61CB06E375D22F11D581CC;1260.
Package atveryend Info: Empty hook `AtVeryVeryEnd' on input line 67.
 ) 
Here is how much of TeX's memory you used:
 7298 strings out of 493029
 100734 string characters out of 6136234
 190229 words of memory out of 5000000
 10516 multiletter control sequences out of 15000+600000
 23230 words of font info for 64 fonts, out of 8000000 for 9000
 1141 hyphenation exceptions out of 8191
 35i,8n,28p,3153b,656s stack positions out of 5000i,500n,10000p,200000b,80000s
{/usr/share/texmf/fonts/enc/dvips/cm-super/cm-super-t1.enc}</usr/share/texliv
e/texmf-dist/fonts/type1/public/amsfonts/cm/cmex10.pfb></usr/share/texlive/texm
f-dist/fonts/type1/public/amsfonts/cm/cmmi10.pfb></usr/share/texlive/texmf-dist
/fonts/type1/public/amsfonts/cm/cmr10.pfb></usr/share/texlive/texmf-dist/fonts/
type1/public/amsfonts/cm/cmr8.pfb></usr/share/texlive/texmf-dist/fonts/type1/pu
blic/amsfonts/cm/cmsy10.pfb></usr/share/texlive/texmf-dist/fonts/type1/public/a
msfonts/cm/cmsy6.pfb></usr/share/texlive/texmf-dist/fonts/type1/public/amsfonts
/cm/cmsy8.pfb></usr/share/texlive/texmf-dist/fonts/type1/public/amsfonts/symbol
s/msbm10.pfb></usr/share/texmf/fonts/type1/public/cm-super/sfbx1095.pfb></usr/s
hare/texmf/fonts/type1/public/cm-super/sfbx1200.pfb></usr/share/texmf/fonts/typ
e1/public/cm-super/sfbx1440.pfb></usr/share/texmf/fonts/type1/public/cm-super/s
fbx1728.pfb></usr/share/texmf/fonts/type1/public/cm-super/sfbx2488.pfb></usr/sh
are/texmf/fonts/type1/public/cm-super/sfrm1200.pfb></usr/share/texmf/fonts/type
1/public/cm-super/sfrm1440.pfb></usr/share/texmf/fonts/type1/public/cm-super/sf
rm2074.pfb></usr/share/texmf/fonts/type1/public/cm-super/sfsl1200.pfb></usr/sha
re/texmf/fonts/type1/public/cm-super/sfti1095.pfb></usr/share/texmf/fonts/type1
/public/cm-super/sfti1200.pfb>
Output written on root.pdf (167 pages, 562186 bytes).
PDF statistics:
 943 PDF objects out of 1000 (max. 8388607)
 747 compressed objects within 8 object streams
 195 named destinations out of 1000 (max. 500000)
 153 words of extra memory for PDF output out of 10000 (max. 10000000)

